<?xml version="1.0" encoding="UTF-8"?>
<testsuite xmlns:xsi="http://www.w3.org/2001/XMLSchema-instance" xsi:noNamespaceSchemaLocation="https://maven.apache.org/surefire/maven-surefire-plugin/xsd/surefire-test-report-3.0.xsd" version="3.0" name="com.ass1.server.ServerTest" time="1.025" tests="4" errors="0" skipped="0" failures="0">
  <properties>
[...]
</properties>
  <testcase name="testGetNumberOfCities" classname="com.ass1.server.ServerTest" time="0.484">
    <system-out><![CDATA[Initializing server...
Loaded 230 countries.
]]></system-out>
  </testcase>
  <testcase name="testGetPopulationOfCountry" classname="com.ass1.server.ServerTest" time="0.184">
    <system-out><![CDATA[Initializing server...
Loaded 230 countries.
]]></system-out>
  </testcase>
  <testcase name="testGetNumberOfCountriesWithCityCountRange" classname="com.ass1.server.ServerTest" time="0.177">
    <system-out><![CDATA[Initializing server...
Loaded 230 countries.
]]></system-out>
  </testcase>
  <testcase name="testGetNumberOfCountriesWithMinCityCountAndPopulation" classname="com.ass1.server.ServerTest" time="0.157">
    <system-out><![CDATA[Initializing server...
Loaded 230 countries.
]]></system-out>
  </testcase>
</testsuite>